<?xml version="1.0" encoding="UTF-8"?>
<testsuite name="com.threemdroid.habittracker.feature.activity.ActivityViewModelTest" tests="5" skipped="0" failures="0" errors="0" timestamp="2026-03-24T13:41:43.410Z" hostname="Martins-MacBook-Pro.local" time="0.108">
  <properties/>
  <testcase name="handleIntent_previousAndNextPeriod_shiftAnchorDate" classname="com.threemdroid.habittracker.feature.activity.ActivityViewModelTest" time="0.092"/>
  <testcase name="handleIntent_whenLoadFails_setsErrorState" classname="com.threemdroid.habittracker.feature.activity.ActivityViewModelTest" time="0.002"/>
  <testcase name="handleIntent_periodSelected_updatesWindowAndReloadsData" classname="com.threemdroid.habittracker.feature.activity.ActivityViewModelTest" time="0.005"/>
  <testcase name="init_loadsWeeklyActivityContent" classname="com.threemdroid.habittracker.feature.activity.ActivityViewModelTest" time="0.004"/>
  <testcase name="handleIntent_habitFilterSelected_updatesSelectedHabitAnalytics" classname="com.threemdroid.habittracker.feature.activity.ActivityViewModelTest" time="0.004"/>
  <system-out><![CDATA[]]></system-out>
  <system-err><![CDATA[]]></system-err>
</testsuite>
