<?xml version="1.0" encoding="UTF-8"?>
<testsuite name="com.threemdroid.habittracker.feature.activity.domain.ObserveActivityDataUseCaseTest" tests="6" skipped="0" failures="0" errors="0" timestamp="2026-03-24T14:34:25.193Z" hostname="Martins-MacBook-Pro.local" time="0.014">
  <properties/>
  <testcase name="invoke_stoppedAtHistoricalGating_limitsScheduledDaysAfterHabitStops" classname="com.threemdroid.habittracker.feature.activity.domain.ObserveActivityDataUseCaseTest" time="0.004"/>
  <testcase name="invoke_createdAtHistoricalGating_limitsScheduledDaysBeforeHabitExists" classname="com.threemdroid.habittracker.feature.activity.domain.ObserveActivityDataUseCaseTest" time="0.002"/>
  <testcase name="invoke_forSelectedHabit_filtersAnalyticsToThatHabit" classname="com.threemdroid.habittracker.feature.activity.domain.ObserveActivityDataUseCaseTest" time="0.002"/>
  <testcase name="invoke_forAllHabits_buildsWeeklyChartReadyAnalytics" classname="com.threemdroid.habittracker.feature.activity.domain.ObserveActivityDataUseCaseTest" time="0.003"/>
  <testcase name="invoke_emptySelectedDays_treatsHabitAsScheduledEveryDay" classname="com.threemdroid.habittracker.feature.activity.domain.ObserveActivityDataUseCaseTest" time="0.001"/>
  <testcase name="invoke_whenHabitEntriesFail_returnsFailure" classname="com.threemdroid.habittracker.feature.activity.domain.ObserveActivityDataUseCaseTest" time="0.002"/>
  <system-out><![CDATA[]]></system-out>
  <system-err><![CDATA[]]></system-err>
</testsuite>
