<?xml version="1.0" encoding="UTF-8"?>
<testsuite name="com.threemdroid.habittracker.feature.create_habit.CreateHabitReducerTest" tests="4" skipped="0" failures="0" errors="0" timestamp="2026-03-24T12:49:46.059Z" hostname="Martins-MacBook-Pro.local" time="0.201">
  <properties/>
  <testcase name="customSelectedDaysChanged_forcesCustomPreset" classname="com.threemdroid.habittracker.feature.create_habit.CreateHabitReducerTest" time="0.144"/>
  <testcase name="reminderChanges_updateReminderCollection" classname="com.threemdroid.habittracker.feature.create_habit.CreateHabitReducerTest" time="0.049"/>
  <testcase name="schedulePresetSelected_updatesPresetAndDays" classname="com.threemdroid.habittracker.feature.create_habit.CreateHabitReducerTest" time="0.001"/>
  <testcase name="habitTypeSelected_clearsQuantityValidationErrors" classname="com.threemdroid.habittracker.feature.create_habit.CreateHabitReducerTest" time="0.001"/>
  <system-out><![CDATA[]]></system-out>
  <system-err><![CDATA[]]></system-err>
</testsuite>
