<?xml version="1.0" encoding="UTF-8"?>
<testsuite name="com.threemdroid.habittracker.feature.create_habit.CreateHabitViewModelTest" tests="6" skipped="0" failures="0" errors="0" timestamp="2026-03-24T12:49:46.268Z" hostname="Martins-MacBook-Pro.local" time="0.183">
  <properties/>
  <testcase name="saveRequested_withValidQuantityHabit_persistsHabitAndEmitsSuccessEffect" classname="com.threemdroid.habittracker.feature.create_habit.CreateHabitViewModelTest" time="0.168"/>
  <testcase name="saveRequested_withMissingSelections_updatesValidationState" classname="com.threemdroid.habittracker.feature.create_habit.CreateHabitViewModelTest" time="0.003"/>
  <testcase name="saveRequested_whenRepositoryFails_emitsSaveErrorEffect" classname="com.threemdroid.habittracker.feature.create_habit.CreateHabitViewModelTest" time="0.004"/>
  <testcase name="reminderAdded_andRemoved_updatesReminderState" classname="com.threemdroid.habittracker.feature.create_habit.CreateHabitViewModelTest" time="0.002"/>
  <testcase name="nameChanged_updatesUiState" classname="com.threemdroid.habittracker.feature.create_habit.CreateHabitViewModelTest" time="0.002"/>
  <testcase name="schedulePresetSelected_andCustomWeekdayToggled_updatesSelectedDays" classname="com.threemdroid.habittracker.feature.create_habit.CreateHabitViewModelTest" time="0.004"/>
  <system-out><![CDATA[]]></system-out>
  <system-err><![CDATA[]]></system-err>
</testsuite>
