<?xml version="1.0" encoding="UTF-8"?>
<testsuite name="com.threemdroid.habittracker.feature.create_habit.domain.ValidateCreateHabitDraftUseCaseTest" tests="3" skipped="0" failures="0" errors="0" timestamp="2026-03-24T11:55:28.644Z" hostname="Martins-MacBook-Pro.local" time="0.002">
  <properties/>
  <testcase name="invoke_booleanHabit_ignoresQuantityInputsAndNormalizesOutput" classname="com.threemdroid.habittracker.feature.create_habit.domain.ValidateCreateHabitDraftUseCaseTest" time="0.001"/>
  <testcase name="invoke_missingCoreSelections_returnsFieldErrors" classname="com.threemdroid.habittracker.feature.create_habit.domain.ValidateCreateHabitDraftUseCaseTest" time="0.001"/>
  <testcase name="invoke_quantityHabitWithInvalidNumbers_returnsNumericErrors" classname="com.threemdroid.habittracker.feature.create_habit.domain.ValidateCreateHabitDraftUseCaseTest" time="0.0"/>
  <system-out><![CDATA[]]></system-out>
  <system-err><![CDATA[]]></system-err>
</testsuite>
