<?xml version="1.0" encoding="UTF-8"?>
<testsuite name="com.threemdroid.habittracker.feature.create_habit.domain.CreateHabitUseCaseTest" tests="3" skipped="0" failures="0" errors="0" timestamp="2026-03-24T11:55:28.639Z" hostname="Martins-MacBook-Pro.local" time="0.004">
  <properties/>
  <testcase name="invoke_booleanHabit_normalizesNumericFieldsAndUnitLabel" classname="com.threemdroid.habittracker.feature.create_habit.domain.CreateHabitUseCaseTest" time="0.002"/>
  <testcase name="invoke_whenReminderSaveFails_rollsBackCreatedHabit" classname="com.threemdroid.habittracker.feature.create_habit.domain.CreateHabitUseCaseTest" time="0.001"/>
  <testcase name="invoke_validQuantityHabit_persistsHabitAndReminders" classname="com.threemdroid.habittracker.feature.create_habit.domain.CreateHabitUseCaseTest" time="0.001"/>
  <system-out><![CDATA[]]></system-out>
  <system-err><![CDATA[]]></system-err>
</testsuite>
