<?xml version="1.0" encoding="UTF-8"?>
<testsuite name="com.threemdroid.habittracker.feature.home.domain.SaveHomeMoodSelectionUseCaseTest" tests="4" skipped="0" failures="0" errors="0" timestamp="2026-03-24T10:19:25.672Z" hostname="Martins-MacBook-Pro.local" time="0.003">
  <properties/>
  <testcase name="invoke_withExistingMood_reusesExistingEntryId" classname="com.threemdroid.habittracker.feature.home.domain.SaveHomeMoodSelectionUseCaseTest" time="0.001"/>
  <testcase name="invoke_whenMoodObservationFails_returnsTheFailure" classname="com.threemdroid.habittracker.feature.home.domain.SaveHomeMoodSelectionUseCaseTest" time="0.0"/>
  <testcase name="invoke_withoutExistingMood_usesDateScopedMoodId" classname="com.threemdroid.habittracker.feature.home.domain.SaveHomeMoodSelectionUseCaseTest" time="0.0"/>
  <testcase name="invoke_blankMoodToken_returnsValidationFailure" classname="com.threemdroid.habittracker.feature.home.domain.SaveHomeMoodSelectionUseCaseTest" time="0.001"/>
  <system-out><![CDATA[]]></system-out>
  <system-err><![CDATA[]]></system-err>
</testsuite>
