<?xml version="1.0" encoding="UTF-8"?>
<testsuite name="com.threemdroid.habittracker.feature.home.domain.StopHabitFromHomeUseCaseTest" tests="3" skipped="0" failures="0" errors="0" timestamp="2026-03-24T10:19:25.677Z" hostname="Martins-MacBook-Pro.local" time="0.004">
  <properties/>
  <testcase name="invoke_alreadyStoppedHabit_returnsSuccessWithoutUpsert" classname="com.threemdroid.habittracker.feature.home.domain.StopHabitFromHomeUseCaseTest" time="0.001"/>
  <testcase name="invoke_missingHabit_returnsNotFoundFailure" classname="com.threemdroid.habittracker.feature.home.domain.StopHabitFromHomeUseCaseTest" time="0.002"/>
  <testcase name="invoke_activeHabit_marksItStoppedWithCurrentClockInstant" classname="com.threemdroid.habittracker.feature.home.domain.StopHabitFromHomeUseCaseTest" time="0.001"/>
  <system-out><![CDATA[]]></system-out>
  <system-err><![CDATA[]]></system-err>
</testsuite>
