<?xml version="1.0" encoding="UTF-8"?>
<testsuite name="com.threemdroid.habittracker.feature.home.HomeViewModelTest" tests="5" skipped="0" failures="0" errors="0" timestamp="2026-03-24T10:53:02.154Z" hostname="Martins-MacBook-Pro.local" time="0.487">
  <properties/>
  <testcase name="editHabitRequested_emitsNavigateEffect" classname="com.threemdroid.habittracker.feature.home.HomeViewModelTest" time="0.468"/>
  <testcase name="initialLoad_withScheduledHabit_updatesContentState" classname="com.threemdroid.habittracker.feature.home.HomeViewModelTest" time="0.006"/>
  <testcase name="stopHabitRequested_failure_emitsActionError" classname="com.threemdroid.habittracker.feature.home.HomeViewModelTest" time="0.005"/>
  <testcase name="quantityHabitTapped_andConfirmQuickAdd_savesEntryAndClosesOverlay" classname="com.threemdroid.habittracker.feature.home.HomeViewModelTest" time="0.004"/>
  <testcase name="moodSelected_persistsMoodAndUpdatesState" classname="com.threemdroid.habittracker.feature.home.HomeViewModelTest" time="0.003"/>
  <system-out><![CDATA[]]></system-out>
  <system-err><![CDATA[]]></system-err>
</testsuite>
